sample.interval=20000
"mapply" "<Anonymous>" "do.call" "duplicated" "duplicated.data.frame" "duplicated" "[.data.frame" "[" "unique.data.frame" "unique" "as.data.frame" "grm" 
"list" "vector_dc" ".C64" "assign.spam" ".local" "[<-" "[<-" "grm" 
"unique.default" "unique" "grm" 
"is.finite" "spam::as.spam" "spam::as.spam" "grm" 
"cbind" "eval" "eval" "model.frame.default" "stats::model.frame" "eval" "eval" "stats::lm" "grm" 
"grm" 
"solve.default" "solve" "dnngp" "grm" 
"solve" "dnngp" "grm" 
"solve.default" "solve" "grm" 
"%in%" "matern_kernal" "cov_kern" "dnngp" "grm" 
"grm" 
".Call" "mvnfast::rmvn" "grm" 
"%*%" "grm" 
"solve.default" "solve" "dnngp" "grm" 
"grm" 
"solve" "dnngp" "grm" 
"solve.default" "solve" "dnngp" "grm" 
"stopifnot" "all.equal.numeric" "all.equal" "standardGeneric" "all.equal" "isTRUE" "*" "*" "grm" 
"solve.default" "solve" "dnngp" "grm" 
"c" ".C64" "array" "matrix_add_spammatrix" "+" "+" "grm" 
"grm" 
"solve.default" "solve" "dnngp" "grm" 
"grm" 
"solve.default" "solve" "dnngp" "grm" 
".Call" "mvnfast::rmvn" "grm" 
"solve.default" "solve" "dnngp" "grm" 
"solve" "dnngp" "grm" 
"grm" 
"solve" "dnngp" "grm" 
"cov_kern" "dnngp" "grm" 
"solve.default" "solve" "dnngp" "grm" 
"c" ".C64" "array" "matrix_add_spammatrix" "+" "+" "grm" 
"grm" 
"%*%" "grm" 
".Call" "mvnfast::rmvn" "grm" 
"solve.default" "solve" "dnngp" "grm" 
".Call" "mcmc_draw_spatial_nngp_cpp" "grm" 
"solve" "dnngp" "grm" 
"solve.default" "solve" "dnngp" "grm" 
".Call" "mvnfast::rmvn" "grm" 
"%*%" "grm" 
"diag" "solve.default" "solve" "dnngp" "grm" 
"solve" "dnngp" "grm" 
"diag" "solve.default" "solve" "FUN" "lapply" "grm" 
"grm" 
".Call" "mvnfast::rmvn" "grm" 
"grm" 
"solve.default" "solve" "dnngp" "grm" 
"solve" "dnngp" "grm" 
